2024-04-28 19:00:39 - SSH agent started.
2024-04-28 19:00:39 - SSH key added.
2024-04-28 19:00:43 - Changes pushed to GitHub.
2024-04-28 19:00:43 - Starting to manage RSS feeds...
2024-04-28 19:00:43 - Processing URL: http://feeds.feedburner.com/entertainmentweekly/latest
2024-04-28 19:00:45 - New content found for http://feeds.feedburner.com/entertainmentweekly/latest, updating database...
2024-04-28 19:00:45 - Database updated successfully for http://feeds.feedburner.com/entertainmentweekly/latest
2024-04-28 19:00:45 - Processing URL: http://syndication.eonline.com/syndication/feeds/rssfeeds/topstories.xml
2024-04-28 19:00:46 - Warning: No content retrieved from http://syndication.eonline.com/syndication/feeds/rssfeeds/topstories.xml
2024-04-28 19:00:46 - Processing URL: http://www.9celebrity.com/feed/
2024-04-28 19:00:47 - New content found for http://www.9celebrity.com/feed/, updating database...
2024-04-28 19:00:47 - Database updated successfully for http://www.9celebrity.com/feed/
2024-04-28 19:00:47 - Processing URL: http://www.highheelconfidential.com/feed/
2024-04-28 19:00:49 - Warning: No content retrieved from http://www.highheelconfidential.com/feed/
2024-04-28 19:00:49 - Processing URL: https://hypebeast.com/rss
2024-04-28 19:00:51 - New content found for https://hypebeast.com/rss, updating database...
2024-04-28 19:00:51 - Database updated successfully for https://hypebeast.com/rss
2024-04-28 19:00:51 - Processing URL: https://metro.co.uk/tag/showbiz/rss/
2024-04-28 19:00:52 - Warning: No content retrieved from https://metro.co.uk/tag/showbiz/rss/
2024-04-28 19:00:52 - Processing URL: https://people.com/tag/celebrities/rss
2024-04-28 19:00:53 - New content found for https://people.com/tag/celebrities/rss, updating database...
2024-04-28 19:00:53 - Database updated successfully for https://people.com/tag/celebrities/rss
2024-04-28 19:00:53 - Processing URL: https://perezhilton.com/feed/
2024-04-28 19:00:55 - New content found for https://perezhilton.com/feed/, updating database...
2024-04-28 19:00:55 - Database updated successfully for https://perezhilton.com/feed/
2024-04-28 19:00:55 - Processing URL: https://sneakernews.com/feed/
2024-04-28 19:00:56 - New content found for https://sneakernews.com/feed/, updating database...
2024-04-28 19:00:56 - Database updated successfully for https://sneakernews.com/feed/
2024-04-28 19:00:56 - Processing URL: https://variety.com/v/feed/
2024-04-28 19:00:57 - New content found for https://variety.com/v/feed/, updating database...
2024-04-28 19:00:57 - Database updated successfully for https://variety.com/v/feed/
2024-04-28 19:00:57 - Processing URL: https://www.dailymail.co.uk/articles.rss
2024-04-28 19:00:58 - New content found for https://www.dailymail.co.uk/articles.rss, updating database...
2024-04-28 19:00:58 - Database updated successfully for https://www.dailymail.co.uk/articles.rss
2024-04-28 19:00:58 - Processing URL: https://www.elle.com/rss/everything/
2024-04-28 19:01:01 - Warning: No content retrieved from https://www.elle.com/rss/everything/
2024-04-28 19:01:01 - Processing URL: https://www.esquire.com/rss/
2024-04-28 19:01:02 - Warning: No content retrieved from https://www.esquire.com/rss/
2024-04-28 19:01:02 - Processing URL: https://www.gq.com/rss/all
2024-04-28 19:01:03 - New content found for https://www.gq.com/rss/all, updating database...
2024-04-28 19:01:03 - Database updated successfully for https://www.gq.com/rss/all
2024-04-28 19:01:03 - Processing URL: https://www.harpersbazaar.com/rss
2024-04-28 19:01:04 - New content found for https://www.harpersbazaar.com/rss, updating database...
2024-04-28 19:01:04 - Database updated successfully for https://www.harpersbazaar.com/rss
2024-04-28 19:01:04 - Processing URL: https://www.hellomagazine.com/rss/showbiz.rss
2024-04-28 19:01:06 - New content found for https://www.hellomagazine.com/rss/showbiz.rss, updating database...
2024-04-28 19:01:06 - Database updated successfully for https://www.hellomagazine.com/rss/showbiz.rss
2024-04-28 19:01:06 - Processing URL: https://www.highsnobiety.com/feed/
2024-04-28 19:01:07 - New content found for https://www.highsnobiety.com/feed/, updating database...
2024-04-28 19:01:07 - Database updated successfully for https://www.highsnobiety.com/feed/
2024-04-28 19:01:07 - Processing URL: https://www.hollywoodreporter.com/feed/
2024-04-28 19:01:10 - New content found for https://www.hollywoodreporter.com/feed/, updating database...
2024-04-28 19:01:10 - Database updated successfully for https://www.hollywoodreporter.com/feed/
2024-04-28 19:01:10 - Processing URL: https://www.huffpost.com/section/entertainment/feed
2024-04-28 19:01:12 - New content found for https://www.huffpost.com/section/entertainment/feed, updating database...
2024-04-28 19:01:12 - Database updated successfully for https://www.huffpost.com/section/entertainment/feed
2024-04-28 19:01:12 - Processing URL: https://www.justjared.com/rss.xml
2024-04-28 19:01:13 - New content found for https://www.justjared.com/rss.xml, updating database...
2024-04-28 19:01:13 - Database updated successfully for https://www.justjared.com/rss.xml
2024-04-28 19:01:13 - Processing URL: https://www.newsclebrity.com/feed/
2024-04-28 19:01:13 - Warning: No content retrieved from https://www.newsclebrity.com/feed/
2024-04-28 19:01:13 - Processing URL: https://www.tmz.com/rss.xml
2024-04-28 19:01:14 - New content found for https://www.tmz.com/rss.xml, updating database...
2024-04-28 19:01:14 - Database updated successfully for https://www.tmz.com/rss.xml
2024-04-28 19:01:14 - Processing URL: https://www.usmagazine.com/celebrity-news/feed/
2024-04-28 19:01:15 - New content found for https://www.usmagazine.com/celebrity-news/feed/, updating database...
2024-04-28 19:01:15 - Database updated successfully for https://www.usmagazine.com/celebrity-news/feed/
2024-04-28 19:01:15 - Processing URL: https://www.vogue.com/rss/index.xml
2024-04-28 19:01:17 - New content found for https://www.vogue.com/rss/index.xml, updating database...
2024-04-28 19:01:17 - Database updated successfully for https://www.vogue.com/rss/index.xml
2024-04-28 20:00:01 - SSH agent started.
2024-04-28 20:00:01 - SSH key added.
2024-04-28 20:00:06 - Changes pushed to GitHub.
2024-04-28 20:00:06 - Starting to manage RSS feeds...
2024-04-28 20:00:06 - Processing URL: http://feeds.feedburner.com/entertainmentweekly/latest
2024-04-28 20:00:08 - No updates found for http://feeds.feedburner.com/entertainmentweekly/latest.
2024-04-28 20:00:08 - Processing URL: http://syndication.eonline.com/syndication/feeds/rssfeeds/topstories.xml
2024-04-28 20:00:08 - Warning: No content retrieved from http://syndication.eonline.com/syndication/feeds/rssfeeds/topstories.xml
2024-04-28 20:00:08 - Processing URL: http://www.9celebrity.com/feed/
2024-04-28 20:00:09 - No updates found for http://www.9celebrity.com/feed/.
2024-04-28 20:00:09 - Processing URL: http://www.highheelconfidential.com/feed/
2024-04-28 20:00:11 - Warning: No content retrieved from http://www.highheelconfidential.com/feed/
2024-04-28 20:00:11 - Processing URL: https://hypebeast.com/rss
2024-04-28 20:00:12 - No updates found for https://hypebeast.com/rss.
2024-04-28 20:00:12 - Processing URL: https://metro.co.uk/tag/showbiz/rss/
2024-04-28 20:00:12 - Warning: No content retrieved from https://metro.co.uk/tag/showbiz/rss/
2024-04-28 20:00:12 - Processing URL: https://people.com/tag/celebrities/rss
2024-04-28 20:00:13 - New content found for https://people.com/tag/celebrities/rss, updating database...
2024-04-28 20:00:13 - Database updated successfully for https://people.com/tag/celebrities/rss
2024-04-28 20:00:13 - Processing URL: https://perezhilton.com/feed/
2024-04-28 20:00:14 - No updates found for https://perezhilton.com/feed/.
2024-04-28 20:00:14 - Processing URL: https://sneakernews.com/feed/
2024-04-28 20:00:15 - No updates found for https://sneakernews.com/feed/.
2024-04-28 20:00:15 - Processing URL: https://variety.com/v/feed/
2024-04-28 20:00:16 - New content found for https://variety.com/v/feed/, updating database...
2024-04-28 20:00:16 - Database updated successfully for https://variety.com/v/feed/
2024-04-28 20:00:16 - Processing URL: https://www.dailymail.co.uk/articles.rss
2024-04-28 20:00:17 - New content found for https://www.dailymail.co.uk/articles.rss, updating database...
2024-04-28 20:00:17 - Database updated successfully for https://www.dailymail.co.uk/articles.rss
2024-04-28 20:00:17 - Processing URL: https://www.elle.com/rss/everything/
2024-04-28 20:00:19 - Warning: No content retrieved from https://www.elle.com/rss/everything/
2024-04-28 20:00:19 - Processing URL: https://www.esquire.com/rss/
2024-04-28 20:00:19 - Warning: No content retrieved from https://www.esquire.com/rss/
2024-04-28 20:00:19 - Processing URL: https://www.gq.com/rss/all
2024-04-28 20:00:20 - No updates found for https://www.gq.com/rss/all.
2024-04-28 20:00:20 - Processing URL: https://www.harpersbazaar.com/rss
2024-04-28 20:00:20 - New content found for https://www.harpersbazaar.com/rss, updating database...
2024-04-28 20:00:20 - Database updated successfully for https://www.harpersbazaar.com/rss
2024-04-28 20:00:20 - Processing URL: https://www.hellomagazine.com/rss/showbiz.rss
2024-04-28 20:00:21 - New content found for https://www.hellomagazine.com/rss/showbiz.rss, updating database...
2024-04-28 20:00:21 - Database updated successfully for https://www.hellomagazine.com/rss/showbiz.rss
2024-04-28 20:00:21 - Processing URL: https://www.highsnobiety.com/feed/
2024-04-28 20:00:23 - New content found for https://www.highsnobiety.com/feed/, updating database...
2024-04-28 20:00:23 - Database updated successfully for https://www.highsnobiety.com/feed/
2024-04-28 20:00:23 - Processing URL: https://www.hollywoodreporter.com/feed/
2024-04-28 20:00:25 - No updates found for https://www.hollywoodreporter.com/feed/.
2024-04-28 20:00:25 - Processing URL: https://www.huffpost.com/section/entertainment/feed
2024-04-28 20:00:26 - No updates found for https://www.huffpost.com/section/entertainment/feed.
2024-04-28 20:00:26 - Processing URL: https://www.justjared.com/rss.xml
2024-04-28 20:00:27 - New content found for https://www.justjared.com/rss.xml, updating database...
2024-04-28 20:00:27 - Database updated successfully for https://www.justjared.com/rss.xml
2024-04-28 20:00:27 - Processing URL: https://www.newsclebrity.com/feed/
2024-04-28 20:00:27 - Warning: No content retrieved from https://www.newsclebrity.com/feed/
2024-04-28 20:00:27 - Processing URL: https://www.tmz.com/rss.xml
2024-04-28 20:00:28 - New content found for https://www.tmz.com/rss.xml, updating database...
2024-04-28 20:00:28 - Database updated successfully for https://www.tmz.com/rss.xml
2024-04-28 20:00:28 - Processing URL: https://www.usmagazine.com/celebrity-news/feed/
2024-04-28 20:00:29 - No updates found for https://www.usmagazine.com/celebrity-news/feed/.
2024-04-28 20:00:29 - Processing URL: https://www.vogue.com/rss/index.xml
2024-04-28 20:00:30 - No updates found for https://www.vogue.com/rss/index.xml.
2024-04-28 21:00:01 - SSH agent started.
2024-04-28 21:00:01 - SSH key added.
